<?xml version="1.0" encoding="UTF-8"?>
<!-- Generated by org.testng.reporters.JUnitReportReporter -->
<testsuite hostname="NEWT-PBS174" name="com.pagefactory.testcases.SignIn" tests="3" failures="0" timestamp="31 May 2018 11:38:52 GMT" time="51.452" errors="0">
  <testcase name="validateUser" time="13.755" classname="com.pagefactory.testcases.SignIn"/>
  <testcase name="checkUser" time="17.910" classname="com.pagefactory.testcases.SignIn"/>
  <testcase name="validateUser" time="19.787" classname="com.pagefactory.testcases.SignIn"/>
</testsuite> <!-- com.pagefactory.testcases.SignIn -->
