<?xml version="1.0" encoding="UTF-8"?>
<!-- Generated by org.testng.reporters.JUnitReportReporter -->
<testsuite skipped="0" hostname="NEWT-PBS174" name="com.selenium.practice.FirstTestngScript" tests="5" failures="0" timestamp="15 May 2018 08:31:38 GMT" time="24.400" errors="0">
  <testcase name="checkYearsOfExpr" time="2.306" classname="com.selenium.practice.FirstTestngScript"/>
  <testcase name="profession" time="2.141" classname="com.selenium.practice.FirstTestngScript"/>
  <testcase name="automationTool" time="2.170" classname="com.selenium.practice.FirstTestngScript"/>
  <testcase name="checkGender" time="4.110" classname="com.selenium.practice.FirstTestngScript"/>
  <testcase name="Applaunch" time="13.673" classname="com.selenium.practice.FirstTestngScript"/>
</testsuite> <!-- com.selenium.practice.FirstTestngScript -->
