<?xml version="1.0" encoding="UTF-8"?>
<!-- Generated by org.testng.reporters.JUnitReportReporter -->
<testsuite hostname="NEWT-PBS174" name="com.selenium.practice.Dataprovider" tests="2" failures="0" timestamp="31 May 2018 05:33:14 GMT" time="22.340" errors="0">
  <testcase name="userForm" time="11.765" classname="com.selenium.practice.Dataprovider"/>
  <testcase name="userForm" time="10.575" classname="com.selenium.practice.Dataprovider"/>
</testsuite> <!-- com.selenium.practice.Dataprovider -->
